<?xml version="1.0" encoding="UTF-8"?>
<testsuite xmlns:xsi="http://www.w3.org/2001/XMLSchema-instance" xsi:noNamespaceSchemaLocation="https://maven.apache.org/surefire/maven-surefire-plugin/xsd/surefire-test-report.xsd" name="com.mycompany.app.AppTest" time="0.112" tests="7" errors="0" skipped="0" failures="0">
  <properties>
    <property name="java.specification.version" value="15"/>
    <property name="sun.jnu.encoding" value="UTF-8"/>
    <property name="java.class.path" value="/home/nicolas/Dev/java/my-app/target/test-classes:/home/nicolas/Dev/java/my-app/target/classes:/home/nicolas/.m2/repository/junit/junit/4.11/junit-4.11.jar:/home/nicolas/.m2/repository/org/hamcrest/hamcrest-core/1.3/hamcrest-core-1.3.jar:"/>
    <property name="java.vm.vendor" value="Oracle Corporation"/>
    <property name="sun.arch.data.model" value="64"/>
    <property name="java.vendor.url" value="https://java.oracle.com/"/>
    <property name="os.name" value="Linux"/>
    <property name="java.vm.specification.version" value="15"/>
    <property name="sun.java.launcher" value="SUN_STANDARD"/>
    <property name="user.country" value="FR"/>
    <property name="sun.boot.library.path" value="/home/nicolas/opt/jdk-15.0.1/lib"/>
    <property name="sun.java.command" value="/home/nicolas/Dev/java/my-app/target/surefire/surefirebooter13627784081028646867.jar /home/nicolas/Dev/java/my-app/target/surefire 2021-06-03T13-49-41_274-jvmRun1 surefire17325941226033435209tmp surefire_013810715186998475811tmp"/>
    <property name="jdk.debug" value="release"/>
    <property name="surefire.test.class.path" value="/home/nicolas/Dev/java/my-app/target/test-classes:/home/nicolas/Dev/java/my-app/target/classes:/home/nicolas/.m2/repository/junit/junit/4.11/junit-4.11.jar:/home/nicolas/.m2/repository/org/hamcrest/hamcrest-core/1.3/hamcrest-core-1.3.jar:"/>
    <property name="sun.cpu.endian" value="little"/>
    <property name="user.home" value="/home/nicolas"/>
    <property name="user.language" value="fr"/>
    <property name="java.specification.vendor" value="Oracle Corporation"/>
    <property name="java.version.date" value="2020-10-20"/>
    <property name="java.home" value="/home/nicolas/opt/jdk-15.0.1"/>
    <property name="file.separator" value="/"/>
    <property name="basedir" value="/home/nicolas/Dev/java/my-app"/>
    <property name="java.vm.compressedOopsMode" value="32-bit"/>
    <property name="line.separator" value="&#10;"/>
    <property name="java.vm.specification.vendor" value="Oracle Corporation"/>
    <property name="java.specification.name" value="Java Platform API Specification"/>
    <property name="surefire.real.class.path" value="/home/nicolas/Dev/java/my-app/target/surefire/surefirebooter13627784081028646867.jar"/>
    <property name="sun.management.compiler" value="HotSpot 64-Bit Tiered Compilers"/>
    <property name="java.runtime.version" value="15.0.1+9-18"/>
    <property name="user.name" value="nicolas"/>
    <property name="path.separator" value=":"/>
    <property name="os.version" value="5.4.0-73-generic"/>
    <property name="java.runtime.name" value="Java(TM) SE Runtime Environment"/>
    <property name="file.encoding" value="UTF-8"/>
    <property name="java.vm.name" value="Java HotSpot(TM) 64-Bit Server VM"/>
    <property name="localRepository" value="/home/nicolas/.m2/repository"/>
    <property name="java.vendor.url.bug" value="https://bugreport.java.com/bugreport/"/>
    <property name="java.io.tmpdir" value="/tmp"/>
    <property name="java.version" value="15.0.1"/>
    <property name="user.dir" value="/home/nicolas/Dev/java/my-app"/>
    <property name="os.arch" value="amd64"/>
    <property name="java.vm.specification.name" value="Java Virtual Machine Specification"/>
    <property name="java.library.path" value="/usr/java/packages/lib:/usr/lib64:/lib64:/lib:/usr/lib"/>
    <property name="java.vm.info" value="mixed mode, sharing"/>
    <property name="java.vendor" value="Oracle Corporation"/>
    <property name="java.vm.version" value="15.0.1+9-18"/>
    <property name="sun.io.unicode.encoding" value="UnicodeLittle"/>
    <property name="java.class.version" value="59.0"/>
  </properties>
  <testcase name="multiply_FourTimesTwo_ReturnsEight" classname="com.mycompany.app.AppTest" time="0.006"/>
  <testcase name="divide_TenDividedTwo_ReturnsFive" classname="com.mycompany.app.AppTest" time="0"/>
  <testcase name="shouldAnswerWithTrue" classname="com.mycompany.app.AppTest" time="0.001"/>
  <testcase name="racine_OfFour_ReturnsTwo" classname="com.mycompany.app.AppTest" time="0"/>
  <testcase name="add_TwoPlusTwo_ReturnsFour" classname="com.mycompany.app.AppTest" time="0.005"/>
  <testcase name="divide_TenDividedZero_ReturnsThrow" classname="com.mycompany.app.AppTest" time="0.002"/>
  <testcase name="soustraction_TenSoustractByTwo_ReturnsEight" classname="com.mycompany.app.AppTest" time="0"/>
</testsuite>